{"/Users/thanghnguyen/git_repos/hackreactor/blueOcean/OneAdventure/client/components/Card.jsx": {"path":"/Users/thanghnguyen/git_repos/hackreactor/blueOcean/OneAdventure/client/components/Card.jsx","statementMap":{"0":{"start":{"line":14,"column":29},"end":{"line":17,"column":3}},"1":{"start":{"line":15,"column":24},"end":{"line":15,"column":55}},"2":{"start":{"line":16,"column":4},"end":{"line":16,"column":41}},"3":{"start":{"line":19,"column":2},"end":{"line":97,"column":4}},"4":{"start":{"line":100,"column":0},"end":{"line":118,"column":2}}},"fnMap":{"0":{"name":"Card","decl":{"start":{"line":11,"column":9},"end":{"line":11,"column":13}},"loc":{"start":{"line":13,"column":3},"end":{"line":98,"column":1}},"line":13},"1":{"name":"(anonymous_1)","decl":{"start":{"line":14,"column":29},"end":{"line":14,"column":30}},"loc":{"start":{"line":14,"column":41},"end":{"line":17,"column":3}},"line":14}},"branchMap":{},"s":{"0":1,"1":1,"2":1,"3":1,"4":1},"f":{"0":1,"1":1},"b":{},"_coverageSchema":"1a1c01bbd47fc00a2c39e90264f33305004495a9","hash":"ddc3d16101856262a695a33832c287c34c0897d0"}
,"/Users/thanghnguyen/git_repos/hackreactor/blueOcean/OneAdventure/client/screens/Themes.jsx": {"path":"/Users/thanghnguyen/git_repos/hackreactor/blueOcean/OneAdventure/client/screens/Themes.jsx","statementMap":{"0":{"start":{"line":1,"column":14},"end":{"line":9,"column":1}},"1":{"start":{"line":11,"column":22},"end":{"line":13,"column":1}},"2":{"start":{"line":15,"column":16},"end":{"line":25,"column":1}}},"fnMap":{},"branchMap":{},"s":{"0":1,"1":1,"2":1},"f":{},"b":{},"_coverageSchema":"1a1c01bbd47fc00a2c39e90264f33305004495a9","hash":"960d3ee7996b7cc47a59ae862d75e5b387629fef"}
}
